tj7cUaV/2Xla4VtFiA4nEQ==
TNVv58VmvyYQWPJZQ/6yiA==
tj7cUaV/2Xla4VtFiA4nEQ==
Bta108kUzIoPwDBoiPUYuA==
TNVv58VmvyYQWPJZQ/6yiA==
Bta108kUzIoPwDBoiPUYuA==
tj7cUaV/2Xla4VtFiA4nEQ==
TNVv58VmvyYQWPJZQ/6yiA==
tj7cUaV/2Xla4VtFiA4nEQ==
Bta108kUzIoPwDBoiPUYuA==
TNVv58VmvyYQWPJZQ/6yiA==
Bta108kUzIoPwDBoiPUYuA==
TNVv58VmvyYQWPJZQ/6yiA==
TNVv58VmvyYQWPJZQ/6yiA==
Bta108kUzIoPwDBoiPUYuA==
Bta108kUzIoPwDBoiPUYuA==
YeCqnNi+GsdJoN1Ea+7DYQ==
YeCqnNi+GsdJoN1Ea+7DYQ==
tj7cUaV/2Xla4VtFiA4nEQ==
tj7cUaV/2Xla4VtFiA4nEQ==
J1LrP2z3FvWgXL4KGAjO/g==
J1LrP2z3FvWgXL4KGAjO/g==
6z1AJAO6klL98Y4ML7Rj2A==
6z1AJAO6klL98Y4ML7Rj2A==
